<?xml version="1.0" encoding="UTF-8"?>
<!-- Generated by org.testng.reporters.JUnitXMLReporter -->
<testsuite hostname="DESKTOP-13ANVPQ" ignored="0" name="Assertion Test" tests="1" failures="1" timestamp="13 Sep 2020 15:25:21 GMT" time="0.016" errors="0">
  <testcase name="validateTitles" time="0.01" classname="learningTestNG.Testcase2">
    <failure type="java.lang.AssertionError" message="The following asserts failed:
	expected [Yahoo.com] but found [Gmail.com],
	Image validation Failed expected [false] but found [true]">
      <![CDATA[java.lang.AssertionError: The following asserts failed:
expected [Yahoo.com] but found [Gmail.com],
Image validation Failed expected [false] but found [true]
at learningTestNG.Testcase2.validateTitles(Testcase2.java:32)
... Removed 27 stack frames]]>
    </failure>
  </testcase> <!-- validateTitles -->
</testsuite> <!-- Assertion Test -->
