<!DOCTYPE html PUBLIC "-//W3C//DTD XHTML 1.1//EN" "http://www.w3.org/TR/xhtml11/DTD/xhtml11.dtd">
<html xmlns="http://www.w3.org/1999/xhtml">
<head>
<meta http-equiv="content-type" content="text/html; charset=UTF-8"/>
<title>TestNG Report</title>
<style type="text/css">table {margin-bottom:10px;border-collapse:collapse;empty-cells:show}th,td {border:1px solid #009;padding:.25em .5em}th {vertical-align:bottom}td {vertical-align:top}table a {font-weight:bold}.stripe td {background-color: #E6EBF9}.num {text-align:right}.passedodd td {background-color: #3F3}.passedeven td {background-color: #0A0}.skippedodd td {background-color: #DDD}.skippedeven td {background-color: #CCC}.failedodd td,.attn {background-color: #F33}.failedeven td,.stripe .attn {background-color: #D00}.stacktrace {white-space:pre;font-family:monospace}.totop {font-size:85%;text-align:center;border-bottom:2px solid #000}.invisible {display:none}</style>
</head>
<body>
<table>
<tr><th>Test</th><th># Passed</th><th># Skipped</th><th># Failed</th><th>Time (ms)</th><th>Included Groups</th><th>Excluded Groups</th></tr>
<tr><th colspan="7">Functional</th></tr>
<tr><td><a href="#t0">Annotation Test</a></td><td class="num">3</td><td class="num">0</td><td class="num">0</td><td class="num">50</td><td></td><td></td></tr>
<tr class="stripe"><td><a href="#t1">Assertion Test</a></td><td class="num">0</td><td class="num">0</td><td class="num attn">1</td><td class="num">13</td><td></td><td></td></tr>
<tr><td><a href="#t2">SoftDependany Test</a></td><td class="num">2</td><td class="num attn">1</td><td class="num attn">1</td><td class="num">16</td><td></td><td>abc</td></tr>
<tr class="stripe"><td><a href="#t3">Failure Test</a></td><td class="num">0</td><td class="num">0</td><td class="num attn">1</td><td class="num">6</td><td></td><td></td></tr>
<tr><th>Total</th><th class="num">5</th><th class="num attn">1</th><th class="num attn">3</th><th class="num">85</th><th colspan="2"></th></tr>
</table>
<table id='summary'><thead><tr><th>Class</th><th>Method</th><th>Start</th><th>Time (ms)</th></tr></thead><tbody><tr><th colspan="4">Functional</th></tr></tbody><tbody id="t0"><tr><th colspan="4">Annotation Test &#8212; passed</th></tr><tr class="passedeven"><td rowspan="3">learningTestNG.Testcase</td><td><a href="#m0">userLogin</a></td><td rowspan="1">1600191372545</td><td rowspan="1">2</td></tr><tr class="passedeven"><td><a href="#m1">userLogout</a></td><td rowspan="1">1600191372551</td><td rowspan="1">1</td></tr><tr class="passedeven"><td><a href="#m2">userReg</a></td><td rowspan="1">1600191372532</td><td rowspan="1">8</td></tr></tbody>
<tbody id="t1"><tr><th colspan="4">Assertion Test &#8212; failed</th></tr><tr class="failedeven"><td rowspan="1">learningTestNG.Testcase2</td><td><a href="#m3">validateTitles</a></td><td rowspan="1">1600191372579</td><td rowspan="1">8</td></tr></tbody>
<tbody id="t2"><tr><th colspan="4">SoftDependany Test &#8212; failed</th></tr><tr class="failedeven"><td rowspan="1">learningTestNG.Testcase3</td><td><a href="#m4">userReg</a></td><td rowspan="1">1600191372606</td><td rowspan="1">3</td></tr><tr><th colspan="4">SoftDependany Test &#8212; skipped</th></tr><tr class="skippedeven"><td rowspan="1">learningTestNG.Testcase3</td><td><a href="#m5">userLogin</a></td><td rowspan="1">1600191372612</td><td rowspan="1">0</td></tr><tr><th colspan="4">SoftDependany Test &#8212; passed</th></tr><tr class="passedeven"><td rowspan="2">learningTestNG.Testcase3</td><td><a href="#m6">test3</a></td><td rowspan="1">1600191372618</td><td rowspan="1">2</td></tr><tr class="passedeven"><td><a href="#m7">userLogout</a></td><td rowspan="1">1600191372614</td><td rowspan="1">2</td></tr></tbody>
<tbody id="t3"><tr><th colspan="4">Failure Test &#8212; failed</th></tr><tr class="failedeven"><td rowspan="1">learningTestNG.TestFailure</td><td><a href="#m8">doLogin</a></td><td rowspan="1">1600191372635</td><td rowspan="1">3</td></tr></tbody>
</table>
<h2>Annotation Test</h2><h3 id="m0">learningTestNG.Testcase#userLogin</h3><table class="result"><tr><th class="invisible"/></tr></table><p class="totop"><a href="#summary">back to summary</a></p>
<h3 id="m1">learningTestNG.Testcase#userLogout</h3><table class="result"><tr><th class="invisible"/></tr></table><p class="totop"><a href="#summary">back to summary</a></p>
<h3 id="m2">learningTestNG.Testcase#userReg</h3><table class="result"><tr><th class="invisible"/></tr></table><p class="totop"><a href="#summary">back to summary</a></p>
<h2>Assertion Test</h2><h3 id="m3">learningTestNG.Testcase2#validateTitles</h3><table class="result"><tr><th>Messages</th></tr><tr><td><div class="messages"><a href="https://www.google.com" target="blank">Screenshot link</a><br/><br><br/><a href="https://www.google.com" target="blank"><img height=100 width=100 src="C:\Users\Admin\Documents\VTO\M3.jpg"></a></div></td></tr><tr><th>Exception</th></tr><tr><td><div class="stacktrace">java.lang.AssertionError: The following asserts failed:
	expected [Yahoo.com] but found [Gmail.com],
	Image validation Failed expected [false] but found [true]
	at learningTestNG.Testcase2.validateTitles(Testcase2.java:31)
... Removed 26 stack frames</div></td></tr></table><p class="totop"><a href="#summary">back to summary</a></p>
<h2>SoftDependany Test</h2><h3 id="m4">learningTestNG.Testcase3#userReg</h3><table class="result"><tr><th>Messages</th></tr><tr><td><div class="messages"><a href="https://www.google.com" target="blank">Screenshot link</a><br/><br><br/><a href="https://www.google.com" target="blank"><img height=100 width=100 src="C:\Users\Admin\Documents\VTO\M3.jpg"></a></div></td></tr><tr><th>Exception</th></tr><tr><td><div class="stacktrace">java.lang.AssertionError: Registration failed
	at learningTestNG.Testcase3.userReg(Testcase3.java:12)
... Removed 26 stack frames</div></td></tr></table><p class="totop"><a href="#summary">back to summary</a></p>
<h3 id="m5">learningTestNG.Testcase3#userLogin</h3><table class="result"><tr><th>Exception</th></tr><tr><td><div class="stacktrace">java.lang.Throwable: Method Testcase3.userLogin()[pri:2, instance:learningTestNG.Testcase3@614ddd49] depends on not successfully finished methods
... Removed 18 stack frames</div></td></tr></table><p class="totop"><a href="#summary">back to summary</a></p>
<h3 id="m6">learningTestNG.Testcase3#test3</h3><table class="result"><tr><th class="invisible"/></tr></table><p class="totop"><a href="#summary">back to summary</a></p>
<h3 id="m7">learningTestNG.Testcase3#userLogout</h3><table class="result"><tr><th class="invisible"/></tr></table><p class="totop"><a href="#summary">back to summary</a></p>
<h2>Failure Test</h2><h3 id="m8">learningTestNG.TestFailure#doLogin</h3><table class="result"><tr><th>Messages</th></tr><tr><td><div class="messages"><a href="https://www.google.com" target="blank">Screenshot link</a><br/><br><br/><a href="https://www.google.com" target="blank"><img height=100 width=100 src="C:\Users\Admin\Documents\VTO\M3.jpg"></a></div></td></tr><tr><th>Exception</th></tr><tr><td><div class="stacktrace">java.lang.AssertionError: Failing Login Test
	at learningTestNG.TestFailure.doLogin(TestFailure.java:12)
... Removed 26 stack frames</div></td></tr></table><p class="totop"><a href="#summary">back to summary</a></p>
</body>
</html>
